Arguments: 
  C:\Program Files\nodejs\node.exe C:\Users\Admin\AppData\Roaming\npm\node_modules\yarn\bin\yarn.js add ph-pages

PATH: 
  C:\xampp\php;C:\Program Files (x86)\Common Files\Oracle\Java\javapath;C:\Program Files (x86)\Common Files\Intel\Shared Files\cpp\bin\Intel64;C:\WINDOWS\system32;C:\WINDOWS;C:\WINDOWS\System32\Wbem;C:\WINDOWS\System32\WindowsPowerShell\v1.0\;C:\WINDOWS\System32\OpenSSH\;C:\Program Files\Git\cmd;C:\Program Files\nodejs\;C:\Program Files\PostgreSQL\14\bin;C:\Users\Admin\AppData\Local\Programs\Python\Python39\Scripts\;C:\Users\Admin\AppData\Local\Programs\Python\Python39\;C:\Users\Admin\AppData\Local\Microsoft\WindowsApps;C:\Users\Admin\AppData\Local\Programs\Microsoft VS Code\bin;C:\Users\Admin\AppData\Local\GitHubDesktop\bin;C:\Users\Admin\AppData\Roaming\npm;C:\Program Files\heroku\bin

Yarn version: 
  1.22.17

Node version: 
  16.13.0

Platform: 
  win32 x64

Trace: 
  Error: https://registry.yarnpkg.com/ph-pages: Not found
      at Request.params.callback [as _callback] (C:\Users\Admin\AppData\Roaming\npm\node_modules\yarn\lib\cli.js:67029:18)
      at Request.self.callback (C:\Users\Admin\AppData\Roaming\npm\node_modules\yarn\lib\cli.js:140883:22)
      at Request.emit (node:events:390:28)
      at Request.<anonymous> (C:\Users\Admin\AppData\Roaming\npm\node_modules\yarn\lib\cli.js:141855:10)
      at Request.emit (node:events:390:28)
      at IncomingMessage.<anonymous> (C:\Users\Admin\AppData\Roaming\npm\node_modules\yarn\lib\cli.js:141777:12)
      at Object.onceWrapper (node:events:509:28)
      at IncomingMessage.emit (node:events:402:35)
      at endReadableNT (node:internal/streams/readable:1343:12)
      at processTicksAndRejections (node:internal/process/task_queues:83:21)

npm manifest: 
  {
    "name": "smart-brain-api",
    "version": "1.0.0",
    "description": "",
    "main": "server.js",
    "scripts": {
      "start": "nodemon server.js"
    },
    "keywords": [],
    "author": "",
    "license": "ISC",
    "devDependencies": {
      "nodemon": "^2.0.14"
    },
    "dependencies": {
      "bcrypt-nodejs": "^0.0.3",
      "body-parser": "^1.19.0",
      "clarifai": "^2.9.1",
      "cors": "^2.8.5",
      "express": "^4.17.1",
      "knex": "^0.95.14",
      "pg": "^8.7.1"
    }
  }

yarn manifest: 
  No manifest

Lockfile: 
  No lockfile
